Using launch settings from D:\Zaimov\MMADZI\Properties\launchSettings.json...
info: Microsoft.EntityFrameworkCore.Database.Command[20101]
      Executed DbCommand (16ms) [Parameters=[], CommandType='Text', CommandTimeout='30']
      SELECT 1
info: Microsoft.EntityFrameworkCore.Migrations[20411]
      Acquiring an exclusive lock for migration application. See https://aka.ms/efcore-docs-migrations-lock for more information if this takes too long.
info: Microsoft.EntityFrameworkCore.Database.Command[20101]
      Executed DbCommand (15ms) [Parameters=[], CommandType='Text', CommandTimeout='30']
      DECLARE @result int;
      EXEC @result = sp_getapplock @Resource = '__EFMigrationsLock', @LockOwner = 'Session', @LockMode = 'Exclusive';
      SELECT @result
info: Microsoft.EntityFrameworkCore.Database.Command[20101]
      Executed DbCommand (1ms) [Parameters=[], CommandType='Text', CommandTimeout='30']
      IF OBJECT_ID(N'[__EFMigrationsHistory]') IS NULL
      BEGIN
          CREATE TABLE [__EFMigrationsHistory] (
              [MigrationId] nvarchar(150) NOT NULL,
              [ProductVersion] nvarchar(32) NOT NULL,
              CONSTRAINT [PK___EFMigrationsHistory] PRIMARY KEY ([MigrationId])
          );
      END;
info: Microsoft.EntityFrameworkCore.Database.Command[20101]
      Executed DbCommand (0ms) [Parameters=[], CommandType='Text', CommandTimeout='30']
      SELECT 1
info: Microsoft.EntityFrameworkCore.Database.Command[20101]
      Executed DbCommand (0ms) [Parameters=[], CommandType='Text', CommandTimeout='30']
      SELECT OBJECT_ID(N'[__EFMigrationsHistory]');
info: Microsoft.EntityFrameworkCore.Database.Command[20101]
      Executed DbCommand (1ms) [Parameters=[], CommandType='Text', CommandTimeout='30']
      SELECT [MigrationId], [ProductVersion]
      FROM [__EFMigrationsHistory]
      ORDER BY [MigrationId];
info: Microsoft.EntityFrameworkCore.Migrations[20405]
      No migrations were applied. The database is already up to date.
info: Microsoft.EntityFrameworkCore.Database.Command[20101]
      Executed DbCommand (1ms) [Parameters=[], CommandType='Text', CommandTimeout='30']
      DECLARE @result int;
      EXEC @result = sp_releaseapplock @Resource = '__EFMigrationsLock', @LockOwner = 'Session';
      SELECT @result
info: Microsoft.EntityFrameworkCore.Database.Command[20101]
      Executed DbCommand (1ms) [Parameters=[], CommandType='Text', CommandTimeout='30']
      IF OBJECT_ID(N'[Orders]', N'U') IS NOT NULL AND COL_LENGTH(N'Orders', N'Status') IS NULL
BEGIN
    ALTER TABLE [Orders] ADD [Status] int NOT NULL CONSTRAINT [DF_Orders_Status] DEFAULT 0;
END
info: Microsoft.EntityFrameworkCore.Database.Command[20101]
      Executed DbCommand (11ms) [Parameters=[@__normalizedName_0='?' (Size = 256)], CommandType='Text', CommandTimeout='30']
      SELECT TOP(1) [a].[Id], [a].[ConcurrencyStamp], [a].[Name], [a].[NormalizedName]
      FROM [AspNetRoles] AS [a]
      WHERE [a].[NormalizedName] = @__normalizedName_0
info: Microsoft.EntityFrameworkCore.Database.Command[20101]
      Executed DbCommand (0ms) [Parameters=[@__normalizedName_0='?' (Size = 256)], CommandType='Text', CommandTimeout='30']
      SELECT TOP(1) [a].[Id], [a].[ConcurrencyStamp], [a].[Name], [a].[NormalizedName]
      FROM [AspNetRoles] AS [a]
      WHERE [a].[NormalizedName] = @__normalizedName_0
info: Microsoft.EntityFrameworkCore.Database.Command[20101]
      Executed DbCommand (0ms) [Parameters=[@__normalizedName_0='?' (Size = 256)], CommandType='Text', CommandTimeout='30']
      SELECT TOP(1) [a].[Id], [a].[ConcurrencyStamp], [a].[Name], [a].[NormalizedName]
      FROM [AspNetRoles] AS [a]
      WHERE [a].[NormalizedName] = @__normalizedName_0
info: Microsoft.EntityFrameworkCore.Database.Command[20101]
      Executed DbCommand (2ms) [Parameters=[@__normalizedEmail_0='?' (Size = 256)], CommandType='Text', CommandTimeout='30']
      SELECT TOP(2) [a].[Id], [a].[AccessFailedCount], [a].[ConcurrencyStamp], [a].[Email], [a].[EmailConfirmed], [a].[FirstName], [a].[LastName], [a].[LockoutEnabled], [a].[LockoutEnd], [a].[NormalizedEmail], [a].[NormalizedUserName], [a].[PasswordHash], [a].[PhoneNumber], [a].[PhoneNumberConfirmed], [a].[SecurityStamp], [a].[TwoFactorEnabled], [a].[UserName]
      FROM [AspNetUsers] AS [a]
      WHERE [a].[NormalizedEmail] = @__normalizedEmail_0
info: Microsoft.Hosting.Lifetime[14]
      Now listening on: https://localhost:7023
info: Microsoft.Hosting.Lifetime[14]
      Now listening on: http://localhost:5245
info: Microsoft.Hosting.Lifetime[0]
      Application started. Press Ctrl+C to shut down.
info: Microsoft.Hosting.Lifetime[0]
      Hosting environment: Development
info: Microsoft.Hosting.Lifetime[0]
      Content root path: D:\Zaimov\MMADZI
info: Microsoft.EntityFrameworkCore.Database.Command[20101]
      Executed DbCommand (1ms) [Parameters=[@__p_0='?' (Size = 450)], CommandType='Text', CommandTimeout='30']
      SELECT TOP(1) [a].[Id], [a].[AccessFailedCount], [a].[ConcurrencyStamp], [a].[Email], [a].[EmailConfirmed], [a].[FirstName], [a].[LastName], [a].[LockoutEnabled], [a].[LockoutEnd], [a].[NormalizedEmail], [a].[NormalizedUserName], [a].[PasswordHash], [a].[PhoneNumber], [a].[PhoneNumberConfirmed], [a].[SecurityStamp], [a].[TwoFactorEnabled], [a].[UserName]
      FROM [AspNetUsers] AS [a]
      WHERE [a].[Id] = @__p_0
info: Microsoft.EntityFrameworkCore.Database.Command[20101]
      Executed DbCommand (2ms) [Parameters=[@__user_Id_0='?' (Size = 450)], CommandType='Text', CommandTimeout='30']
      SELECT [a].[Id], [a].[ClaimType], [a].[ClaimValue], [a].[UserId]
      FROM [AspNetUserClaims] AS [a]
      WHERE [a].[UserId] = @__user_Id_0
info: Microsoft.EntityFrameworkCore.Database.Command[20101]
      Executed DbCommand (2ms) [Parameters=[@__userId_0='?' (Size = 450)], CommandType='Text', CommandTimeout='30']
      SELECT [a0].[Name]
      FROM [AspNetUserRoles] AS [a]
      INNER JOIN [AspNetRoles] AS [a0] ON [a].[RoleId] = [a0].[Id]
      WHERE [a].[UserId] = @__userId_0
info: Microsoft.EntityFrameworkCore.Database.Command[20101]
      Executed DbCommand (0ms) [Parameters=[@__normalizedName_0='?' (Size = 256)], CommandType='Text', CommandTimeout='30']
      SELECT TOP(1) [a].[Id], [a].[ConcurrencyStamp], [a].[Name], [a].[NormalizedName]
      FROM [AspNetRoles] AS [a]
      WHERE [a].[NormalizedName] = @__normalizedName_0
info: Microsoft.EntityFrameworkCore.Database.Command[20101]
      Executed DbCommand (1ms) [Parameters=[@__role_Id_0='?' (Size = 450)], CommandType='Text', CommandTimeout='30']
      SELECT [a].[ClaimType], [a].[ClaimValue]
      FROM [AspNetRoleClaims] AS [a]
      WHERE [a].[RoleId] = @__role_Id_0
info: Microsoft.EntityFrameworkCore.Database.Command[20101]
      Executed DbCommand (2ms) [Parameters=[], CommandType='Text', CommandTimeout='30']
      SELECT [o].[Id], [o].[ClientId], [o].[CreatedAt], [o].[ProductId], [o].[Quantity], [o].[Status], [p].[Id], [p].[CategoryId], [p].[CreatedAt], [p].[Description], [p].[ImageUrl], [p].[Name], [p].[Price], [p].[Size], [p].[StockQuantity]
      FROM [Orders] AS [o]
      INNER JOIN [Products] AS [p] ON [o].[ProductId] = [p].[Id]
      WHERE [o].[Status] <> 4
info: Microsoft.EntityFrameworkCore.Database.Command[20101]
      Executed DbCommand (1ms) [Parameters=[], CommandType='Text', CommandTimeout='30']
      SELECT COUNT(*)
      FROM [Products] AS [p]
info: Microsoft.EntityFrameworkCore.Database.Command[20101]
      Executed DbCommand (1ms) [Parameters=[], CommandType='Text', CommandTimeout='30']
      SELECT COUNT(*)
      FROM [Categories] AS [c]
info: Microsoft.EntityFrameworkCore.Database.Command[20101]
      Executed DbCommand (1ms) [Parameters=[], CommandType='Text', CommandTimeout='30']
      SELECT COUNT(*)
      FROM [AspNetUsers] AS [a]
info: Microsoft.EntityFrameworkCore.Database.Command[20101]
      Executed DbCommand (0ms) [Parameters=[], CommandType='Text', CommandTimeout='30']
      SELECT COUNT(*)
      FROM [Orders] AS [o]
info: Microsoft.EntityFrameworkCore.Database.Command[20101]
      Executed DbCommand (1ms) [Parameters=[], CommandType='Text', CommandTimeout='30']
      SELECT COUNT(*)
      FROM [Orders] AS [o]
      WHERE [o].[Status] IN (0, 1)
info: Microsoft.EntityFrameworkCore.Database.Command[20101]
      Executed DbCommand (2ms) [Parameters=[@__p_0='?' (DbType = Int32)], CommandType='Text', CommandTimeout='30']
      SELECT [p0].[Id], [p0].[CategoryId], [p0].[CreatedAt], [p0].[Description], [p0].[ImageUrl], [p0].[Name], [p0].[Price], [p0].[Size], [p0].[StockQuantity], [c].[Id], [c].[CategoryName], [c].[Description]
      FROM (
          SELECT TOP(@__p_0) [p].[Id], [p].[CategoryId], [p].[CreatedAt], [p].[Description], [p].[ImageUrl], [p].[Name], [p].[Price], [p].[Size], [p].[StockQuantity]
          FROM [Products] AS [p]
          WHERE [p].[StockQuantity] <= 5
          ORDER BY [p].[StockQuantity], [p].[Name]
      ) AS [p0]
      INNER JOIN [Categories] AS [c] ON [p0].[CategoryId] = [c].[Id]
      ORDER BY [p0].[StockQuantity], [p0].[Name]
info: Microsoft.EntityFrameworkCore.Database.Command[20101]
      Executed DbCommand (2ms) [Parameters=[@__p_0='?' (DbType = Int32)], CommandType='Text', CommandTimeout='30']
      SELECT [o0].[Id], [o0].[ClientId], [o0].[CreatedAt], [o0].[ProductId], [o0].[Quantity], [o0].[Status], [p].[Id], [p].[CategoryId], [p].[CreatedAt], [p].[Description], [p].[ImageUrl], [p].[Name], [p].[Price], [p].[Size], [p].[StockQuantity], [a].[Id], [a].[AccessFailedCount], [a].[ConcurrencyStamp], [a].[Email], [a].[EmailConfirmed], [a].[FirstName], [a].[LastName], [a].[LockoutEnabled], [a].[LockoutEnd], [a].[NormalizedEmail], [a].[NormalizedUserName], [a].[PasswordHash], [a].[PhoneNumber], [a].[PhoneNumberConfirmed], [a].[SecurityStamp], [a].[TwoFactorEnabled], [a].[UserName]
      FROM (
          SELECT TOP(@__p_0) [o].[Id], [o].[ClientId], [o].[CreatedAt], [o].[ProductId], [o].[Quantity], [o].[Status]
          FROM [Orders] AS [o]
          ORDER BY [o].[CreatedAt] DESC
      ) AS [o0]
      INNER JOIN [Products] AS [p] ON [o0].[ProductId] = [p].[Id]
      INNER JOIN [AspNetUsers] AS [a] ON [o0].[ClientId] = [a].[Id]
      ORDER BY [o0].[CreatedAt] DESC
info: Microsoft.EntityFrameworkCore.Database.Command[20101]
      Executed DbCommand (4ms) [Parameters=[], CommandType='Text', CommandTimeout='30']
      SELECT [o].[Id], [o].[ClientId], [o].[CreatedAt], [o].[ProductId], [o].[Quantity], [o].[Status], [a].[Id], [a].[AccessFailedCount], [a].[ConcurrencyStamp], [a].[Email], [a].[EmailConfirmed], [a].[FirstName], [a].[LastName], [a].[LockoutEnabled], [a].[LockoutEnd], [a].[NormalizedEmail], [a].[NormalizedUserName], [a].[PasswordHash], [a].[PhoneNumber], [a].[PhoneNumberConfirmed], [a].[SecurityStamp], [a].[TwoFactorEnabled], [a].[UserName], [p].[Id], [p].[CategoryId], [p].[CreatedAt], [p].[Description], [p].[ImageUrl], [p].[Name], [p].[Price], [p].[Size], [p].[StockQuantity], [c].[Id], [c].[CategoryName], [c].[Description]
      FROM [Orders] AS [o]
      INNER JOIN [AspNetUsers] AS [a] ON [o].[ClientId] = [a].[Id]
      INNER JOIN [Products] AS [p] ON [o].[ProductId] = [p].[Id]
      INNER JOIN [Categories] AS [c] ON [p].[CategoryId] = [c].[Id]
      ORDER BY [o].[CreatedAt] DESC
warn: Microsoft.EntityFrameworkCore.Query[20504]
      Compiling a query which loads related collections for more than one collection navigation, either via 'Include' or through projection, but no 'QuerySplittingBehavior' has been configured. By default, Entity Framework will use 'QuerySplittingBehavior.SingleQuery', which can potentially result in slow query performance. See https://go.microsoft.com/fwlink/?linkid=2134277 for more information. To identify the query that's triggering this warning call 'ConfigureWarnings(w => w.Throw(RelationalEventId.MultipleCollectionIncludeWarning))'.
info: Microsoft.EntityFrameworkCore.Database.Command[20101]
      Executed DbCommand (4ms) [Parameters=[], CommandType='Text', CommandTimeout='30']
      SELECT [a].[Id], [a].[AccessFailedCount], [a].[ConcurrencyStamp], [a].[Email], [a].[EmailConfirmed], [a].[FirstName], [a].[LastName], [a].[LockoutEnabled], [a].[LockoutEnd], [a].[NormalizedEmail], [a].[NormalizedUserName], [a].[PasswordHash], [a].[PhoneNumber], [a].[PhoneNumberConfirmed], [a].[SecurityStamp], [a].[TwoFactorEnabled], [a].[UserName], [o].[Id], [o].[ClientId], [o].[CreatedAt], [o].[ProductId], [o].[Quantity], [o].[Status], [c].[Id], [c].[ClientId], [c].[CreatedAt], [c].[ProductId], [c].[Quantity]
      FROM [AspNetUsers] AS [a]
      LEFT JOIN [Orders] AS [o] ON [a].[Id] = [o].[ClientId]
      LEFT JOIN [Carts] AS [c] ON [a].[Id] = [c].[ClientId]
      ORDER BY [a].[UserName], [a].[Id], [o].[Id]
info: Microsoft.EntityFrameworkCore.Database.Command[20101]
      Executed DbCommand (0ms) [Parameters=[@__userId_0='?' (Size = 450)], CommandType='Text', CommandTimeout='30']
      SELECT [a0].[Name]
      FROM [AspNetUserRoles] AS [a]
      INNER JOIN [AspNetRoles] AS [a0] ON [a].[RoleId] = [a0].[Id]
      WHERE [a].[UserId] = @__userId_0
info: Microsoft.EntityFrameworkCore.Database.Command[20101]
      Executed DbCommand (0ms) [Parameters=[], CommandType='Text', CommandTimeout='30']
      SELECT [o].[Id], [o].[ClientId], [o].[CreatedAt], [o].[ProductId], [o].[Quantity], [o].[Status], [p].[Id], [p].[CategoryId], [p].[CreatedAt], [p].[Description], [p].[ImageUrl], [p].[Name], [p].[Price], [p].[Size], [p].[StockQuantity]
      FROM [Orders] AS [o]
      INNER JOIN [Products] AS [p] ON [o].[ProductId] = [p].[Id]
      WHERE [o].[Status] <> 4
info: Microsoft.EntityFrameworkCore.Database.Command[20101]
      Executed DbCommand (0ms) [Parameters=[], CommandType='Text', CommandTimeout='30']
      SELECT COUNT(*)
      FROM [Products] AS [p]
info: Microsoft.EntityFrameworkCore.Database.Command[20101]
      Executed DbCommand (0ms) [Parameters=[], CommandType='Text', CommandTimeout='30']
      SELECT COUNT(*)
      FROM [Categories] AS [c]
info: Microsoft.EntityFrameworkCore.Database.Command[20101]
      Executed DbCommand (0ms) [Parameters=[], CommandType='Text', CommandTimeout='30']
      SELECT COUNT(*)
      FROM [AspNetUsers] AS [a]
info: Microsoft.EntityFrameworkCore.Database.Command[20101]
      Executed DbCommand (0ms) [Parameters=[], CommandType='Text', CommandTimeout='30']
      SELECT COUNT(*)
      FROM [Orders] AS [o]
info: Microsoft.EntityFrameworkCore.Database.Command[20101]
      Executed DbCommand (0ms) [Parameters=[], CommandType='Text', CommandTimeout='30']
      SELECT COUNT(*)
      FROM [Orders] AS [o]
      WHERE [o].[Status] IN (0, 1)
info: Microsoft.EntityFrameworkCore.Database.Command[20101]
      Executed DbCommand (0ms) [Parameters=[@__p_0='?' (DbType = Int32)], CommandType='Text', CommandTimeout='30']
      SELECT [p0].[Id], [p0].[CategoryId], [p0].[CreatedAt], [p0].[Description], [p0].[ImageUrl], [p0].[Name], [p0].[Price], [p0].[Size], [p0].[StockQuantity], [c].[Id], [c].[CategoryName], [c].[Description]
      FROM (
          SELECT TOP(@__p_0) [p].[Id], [p].[CategoryId], [p].[CreatedAt], [p].[Description], [p].[ImageUrl], [p].[Name], [p].[Price], [p].[Size], [p].[StockQuantity]
          FROM [Products] AS [p]
          WHERE [p].[StockQuantity] <= 5
          ORDER BY [p].[StockQuantity], [p].[Name]
      ) AS [p0]
      INNER JOIN [Categories] AS [c] ON [p0].[CategoryId] = [c].[Id]
      ORDER BY [p0].[StockQuantity], [p0].[Name]
info: Microsoft.EntityFrameworkCore.Database.Command[20101]
      Executed DbCommand (0ms) [Parameters=[@__p_0='?' (DbType = Int32)], CommandType='Text', CommandTimeout='30']
      SELECT [o0].[Id], [o0].[ClientId], [o0].[CreatedAt], [o0].[ProductId], [o0].[Quantity], [o0].[Status], [p].[Id], [p].[CategoryId], [p].[CreatedAt], [p].[Description], [p].[ImageUrl], [p].[Name], [p].[Price], [p].[Size], [p].[StockQuantity], [a].[Id], [a].[AccessFailedCount], [a].[ConcurrencyStamp], [a].[Email], [a].[EmailConfirmed], [a].[FirstName], [a].[LastName], [a].[LockoutEnabled], [a].[LockoutEnd], [a].[NormalizedEmail], [a].[NormalizedUserName], [a].[PasswordHash], [a].[PhoneNumber], [a].[PhoneNumberConfirmed], [a].[SecurityStamp], [a].[TwoFactorEnabled], [a].[UserName]
      FROM (
          SELECT TOP(@__p_0) [o].[Id], [o].[ClientId], [o].[CreatedAt], [o].[ProductId], [o].[Quantity], [o].[Status]
          FROM [Orders] AS [o]
          ORDER BY [o].[CreatedAt] DESC
      ) AS [o0]
      INNER JOIN [Products] AS [p] ON [o0].[ProductId] = [p].[Id]
      INNER JOIN [AspNetUsers] AS [a] ON [o0].[ClientId] = [a].[Id]
      ORDER BY [o0].[CreatedAt] DESC
info: Microsoft.EntityFrameworkCore.Database.Command[20101]
      Executed DbCommand (1ms) [Parameters=[], CommandType='Text', CommandTimeout='30']
      SELECT [c].[Id], [c].[CategoryName], [c].[Description]
      FROM [Categories] AS [c]
      ORDER BY [c].[CategoryName]
info: Microsoft.EntityFrameworkCore.Database.Command[20101]
      Executed DbCommand (0ms) [Parameters=[], CommandType='Text', CommandTimeout='30']
      SELECT [c].[Id], [c].[CategoryName], [c].[Description]
      FROM [Categories] AS [c]
      ORDER BY [c].[CategoryName]
info: Microsoft.EntityFrameworkCore.Database.Command[20101]
      Executed DbCommand (2ms) [Parameters=[@__p_0='?' (DbType = Int32)], CommandType='Text', CommandTimeout='30']
      SELECT [p0].[Id], [p0].[CategoryId], [p0].[CreatedAt], [p0].[Description], [p0].[ImageUrl], [p0].[Name], [p0].[Price], [p0].[Size], [p0].[StockQuantity], [c].[Id], [c].[CategoryName], [c].[Description]
      FROM (
          SELECT TOP(@__p_0) [p].[Id], [p].[CategoryId], [p].[CreatedAt], [p].[Description], [p].[ImageUrl], [p].[Name], [p].[Price], [p].[Size], [p].[StockQuantity]
          FROM [Products] AS [p]
          ORDER BY [p].[CreatedAt] DESC
      ) AS [p0]
      INNER JOIN [Categories] AS [c] ON [p0].[CategoryId] = [c].[Id]
      ORDER BY [p0].[CreatedAt] DESC
info: Microsoft.EntityFrameworkCore.Database.Command[20101]
      Executed DbCommand (4ms) [Parameters=[@__p_0='?' (DbType = Int32)], CommandType='Text', CommandTimeout='30']
      SELECT [c0].[Id], [c0].[CategoryName], [c0].[Description], [p0].[Id], [p0].[CategoryId], [p0].[CreatedAt], [p0].[Description], [p0].[ImageUrl], [p0].[Name], [p0].[Price], [p0].[Size], [p0].[StockQuantity]
      FROM (
          SELECT TOP(@__p_0) [c].[Id], [c].[CategoryName], [c].[Description], (
              SELECT COUNT(*)
              FROM [Products] AS [p]
              WHERE [c].[Id] = [p].[CategoryId]) AS [c]
          FROM [Categories] AS [c]
          ORDER BY (
              SELECT COUNT(*)
              FROM [Products] AS [p]
              WHERE [c].[Id] = [p].[CategoryId]) DESC, [c].[CategoryName]
      ) AS [c0]
      LEFT JOIN [Products] AS [p0] ON [c0].[Id] = [p0].[CategoryId]
      ORDER BY [c0].[c] DESC, [c0].[CategoryName], [c0].[Id]
